[debug] [2022-05-12T04:06:06.957Z] ----------------------------------------------------------------------
[debug] [2022-05-12T04:06:06.961Z] Command:       C:\Program Files\nodejs\node.exe C:\Users\나연\AppData\Roaming\npm\node_modules\firebase-tools\lib\bin\firebase.js init
[debug] [2022-05-12T04:06:06.963Z] CLI Version:   10.7.2
[debug] [2022-05-12T04:06:06.963Z] Platform:      win32
[debug] [2022-05-12T04:06:06.964Z] Node Version:  v16.14.2
[debug] [2022-05-12T04:06:06.967Z] Time:          Thu May 12 2022 13:06:06 GMT+0900 (대한민국 표준시)
[debug] [2022-05-12T04:06:06.967Z] ----------------------------------------------------------------------
[debug] 
[debug] [2022-05-12T04:06:07.093Z] > command requires scopes: ["email","openid","https://www.googleapis.com/auth/cloudplatformprojects.readonly","https://www.googleapis.com/auth/firebase","https://www.googleapis.com/auth/cloud-platform"]
[debug] [2022-05-12T04:06:07.094Z] > authorizing via signed-in user (quf991107@gmail.com)
[info] 
     ######## #### ########  ######## ########     ###     ######  ########
     ##        ##  ##     ## ##       ##     ##  ##   ##  ##       ##
     ######    ##  ########  ######   ########  #########  ######  ######
     ##        ##  ##    ##  ##       ##     ## ##     ##       ## ##
     ##       #### ##     ## ######## ########  ##     ##  ######  ########

You're about to initialize a Firebase project in this directory:

  C:\Users\나연\Documents\학교\모바일프로그래밍\st_mob_project

Before we get started, keep in mind:

  * You are initializing within an existing Firebase project directory

[info] 
=== Project Setup
[info] 
[info] First, let's associate this project directory with a Firebase project.
[info] You can create multiple project aliases by running firebase use --add, 
[info] but for now we'll just set up a default project.
[info] 
[debug] [2022-05-12T04:06:12.300Z] Using project from CLI flag: planit-8ee56
[debug] [2022-05-12T04:06:12.304Z] > refreshing access token with scopes: []
[debug] [2022-05-12T04:06:12.306Z] >>> HTTP REQUEST POST https://www.googleapis.com/oauth2/v3/token  
 <request body omitted>
[debug] [2022-05-12T04:06:12.779Z] <<< HTTP RESPONSE 200 {"expires":"Mon, 01 Jan 1990 00:00:00 GMT","pragma":"no-cache","cache-control":"no-cache, no-store, max-age=0, must-revalidate","date":"Thu, 12 May 2022 04:06:12 GMT","content-type":"application/json; charset=utf-8","vary":"X-Origin, Referer, Origin,Accept-Encoding","server":"scaffolding on HTTPServer2","x-xss-protection":"0","x-frame-options":"SAMEORIGIN","x-content-type-options":"nosniff","alt-svc":"h3=\":443\"; ma=2592000,h3-29=\":443\"; ma=2592000,h3-Q050=\":443\"; ma=2592000,h3-Q046=\":443\"; ma=2592000,h3-Q043=\":443\"; ma=2592000,quic=\":443\"; ma=2592000; v=\"46,43\"","accept-ranges":"none","transfer-encoding":"chunked"}
[debug] [2022-05-12T04:06:12.804Z] >>> [apiv2][query] GET https://firebase.googleapis.com/v1beta1/projects/planit-8ee56 [none]
[debug] [2022-05-12T04:06:13.589Z] <<< [apiv2][status] GET https://firebase.googleapis.com/v1beta1/projects/planit-8ee56 200
[debug] [2022-05-12T04:06:13.589Z] <<< [apiv2][body] GET https://firebase.googleapis.com/v1beta1/projects/planit-8ee56 {"projectId":"planit-8ee56","projectNumber":"921159487217","displayName":"planit","name":"projects/planit-8ee56","resources":{"hostingSite":"planit-8ee56"},"state":"ACTIVE"}
[info] i  Using project planit-8ee56 (planit) 
[info] 
=== Hosting Setup
[info] 
[info] Your public directory is the folder (relative to your project directory) that
[info] will contain Hosting assets to be uploaded with firebase deploy. If you
[info] have a build process for your assets, use your build's output directory.
[info] 
[debug] [2022-05-12T04:06:27.857Z] Error: kill ENOSYS
    at process.kill (node:internal/process/per_thread:220:13)
    at process.listener (C:\Users\나연\AppData\Roaming\npm\node_modules\firebase-tools\node_modules\signal-exit\index.js:95:15)
    at process.emit (node:events:526:28)
[error] 
[error] Error: An unexpected error has occurred.
